<?xml version="1.0" encoding="utf-8"?><testsuites name="pytest tests"><testsuite name="pytest" errors="0" failures="0" skipped="0" tests="18" time="2.913" timestamp="2026-08-16T21:37:36.931389+00:00" hostname="agent-env-7206595d-324c-4e33-ac5b-1458c27b066c"><testcase classname="tests.backend_test" name="test_settings_updated_lucknow" time="0.251" /><testcase classname="tests.backend_test" name="test_categories" time="0.038" /><testcase classname="tests.backend_test" name="test_services_present" time="0.041" /><testcase classname="tests.backend_test" name="test_courses_seeded" time="0.040" /><testcase classname="tests.backend_test" name="test_academy_enquiry" time="0.179" /><testcase classname="tests.backend_test" name="test_auth_me" time="0.118" /><testcase classname="tests.backend_test" name="test_admin_login_wrong_pw" time="0.299" /><testcase classname="tests.backend_test" name="test_admin_endpoint_forbidden_for_customer" time="0.036" /><testcase classname="tests.backend_test" name="test_availability_legacy_service_id" time="0.038" /><testcase classname="tests.backend_test" name="test_availability_multi_service" time="0.078" /><testcase classname="tests.backend_test" name="test_multi_service_booking_fields" time="0.074" /><testcase classname="tests.backend_test" name="test_home_booking_rejected" time="0.032" /><testcase classname="tests.backend_test" name="test_female_only_rejects_male" time="0.113" /><testcase classname="tests.backend_test" name="test_mixed_selection_requires_female" time="0.111" /><testcase classname="tests.backend_test" name="test_multi_booking_payment_flow" time="0.085" /><testcase classname="tests.backend_test" name="test_multi_price_snapshot_immutable" time="0.415" /><testcase classname="tests.backend_test" name="test_admin_dashboard" time="0.042" /><testcase classname="tests.backend_test" name="test_cross_customer_forbidden" time="0.383" /></testsuite></testsuites>