<?xml version="1.0" encoding="utf-8"?><testsuites name="pytest tests"><testsuite name="pytest" errors="0" failures="0" skipped="0" tests="21" time="4.162" timestamp="2026-08-16T21:18:48.739541+00:00" hostname="agent-env-7206595d-324c-4e33-ac5b-1458c27b066c"><testcase classname="tests.backend_test" name="test_categories" time="0.259" /><testcase classname="tests.backend_test" name="test_services_count" time="0.034" /><testcase classname="tests.backend_test" name="test_services_have_gender_policy" time="0.000" /><testcase classname="tests.backend_test" name="test_auth_me" time="0.263" /><testcase classname="tests.backend_test" name="test_admin_login_wrong_pw" time="0.303" /><testcase classname="tests.backend_test" name="test_admin_endpoint_forbidden_for_customer" time="0.079" /><testcase classname="tests.backend_test" name="test_availability" time="0.037" /><testcase classname="tests.backend_test" name="test_booking_creation_and_payment" time="0.195" /><testcase classname="tests.backend_test" name="test_confirmation_sms_logged" time="0.297" /><testcase classname="tests.backend_test" name="test_gender_policy_enforced" time="0.077" /><testcase classname="tests.backend_test" name="test_double_booking_prevented" time="0.077" /><testcase classname="tests.backend_test" name="test_price_snapshot_immutable_after_admin_update" time="0.170" /><testcase classname="tests.backend_test" name="test_price_snapshot_check" time="0.039" /><testcase classname="tests.backend_test" name="test_admin_dashboard" time="0.042" /><testcase classname="tests.backend_test" name="test_admin_complete_booking_and_sms" time="0.583" /><testcase classname="tests.backend_test" name="test_admin_remaining_payment" time="0.119" /><testcase classname="tests.backend_test" name="test_review_flow" time="0.194" /><testcase classname="tests.backend_test" name="test_admin_service_crud" time="0.234" /><testcase classname="tests.backend_test" name="test_admin_settings_update" time="0.115" /><testcase classname="tests.backend_test" name="test_customer_cancel" time="0.200" /><testcase classname="tests.backend_test" name="test_cross_customer_forbidden" time="0.277" /></testsuite></testsuites>